<?xml version="1.0" encoding="UTF-8"?>
<robot generator="Robot 7.1 (Python 3.12.1 on win32)" generated="2024-09-27T14:03:16.005707" rpa="false" schemaversion="5">
<suite id="s1" name="Robot5 przyklad" source="C:\Users\Student\Desktop\Altkom_25_09_24\Robot5_przyklad.robot">
<test id="s1-t1" name="Registraion Of Multiple User" line="38">
<kw name="Open My Browser" type="SETUP">
<kw name="Open Browser" owner="SeleniumLibrary">
<msg time="2024-09-27T14:03:16.433535" level="INFO">Opening browser 'Chrome' to base url 'https://gotujmy.pl/forum/'.</msg>
<arg>https://gotujmy.pl/forum/</arg>
<arg>Chrome</arg>
<doc>Opens a new browser instance to the optional ``url``.</doc>
<status status="PASS" start="2024-09-27T14:03:16.433535" elapsed="3.893782"/>
</kw>
<kw name="Maximize Browser Window" owner="SeleniumLibrary">
<doc>Maximizes current browser window.</doc>
<status status="PASS" start="2024-09-27T14:03:20.328326" elapsed="0.145465"/>
</kw>
<kw name="Scroll Element Into View" owner="SeleniumLibrary">
<arg>//*[@id="qc-cmp2-ui"]/div[2]/div/button[2]</arg>
<doc>Scrolls the element identified by ``locator`` into view.</doc>
<status status="PASS" start="2024-09-27T14:03:20.473791" elapsed="0.408249"/>
</kw>
<kw name="Run Keyword And Ignore Error" owner="BuiltIn">
<kw name="Click Button" owner="SeleniumLibrary">
<msg time="2024-09-27T14:03:20.884051" level="INFO">Clicking button '//*[@id="qc-cmp2-ui"]/div[2]/div/button[2]'.</msg>
<arg>//*[@id="qc-cmp2-ui"]/div[2]/div/button[2]</arg>
<doc>Clicks the button identified by ``locator``.</doc>
<status status="PASS" start="2024-09-27T14:03:20.884051" elapsed="0.291833"/>
</kw>
<arg>click button</arg>
<arg>//*[@id="qc-cmp2-ui"]/div[2]/div/button[2]</arg>
<doc>Runs the given keyword with the given arguments and ignores possible error.</doc>
<status status="PASS" start="2024-09-27T14:03:20.883094" elapsed="0.292790"/>
</kw>
<status status="PASS" start="2024-09-27T14:03:16.432541" elapsed="4.743343"/>
</kw>
<for flavor="IN RANGE">
<iter>
<kw name="Registration In Forum">
<kw name="Click Element" owner="SeleniumLibrary">
<msg time="2024-09-27T14:03:21.179877" level="INFO">Clicking element '//*[@id="navTop"]/nav/ul[1]/li[2]/a'.</msg>
<arg>//*[@id="navTop"]/nav/ul[1]/li[2]/a</arg>
<doc>Click the element identified by ``locator``.</doc>
<status status="PASS" start="2024-09-27T14:03:21.178879" elapsed="1.638232"/>
</kw>
<kw name="Run Keyword And Ignore Error" owner="BuiltIn">
<kw name="Click Button" owner="SeleniumLibrary">
<msg time="2024-09-27T14:03:22.818103" level="INFO">Clicking button '//*[@id="qc-cmp2-ui"]/div[2]/div/button[2]'.</msg>
<msg time="2024-09-27T14:03:23.042417" level="INFO" html="true">&lt;/td&gt;&lt;/tr&gt;&lt;tr&gt;&lt;td colspan="3"&gt;&lt;a href="selenium-screenshot-6.png"&gt;&lt;img src="selenium-screenshot-6.png" width="800px"&gt;&lt;/a&gt;</msg>
<msg time="2024-09-27T14:03:23.042417" level="FAIL">Button with locator '//*[@id="qc-cmp2-ui"]/div[2]/div/button[2]' not found.</msg>
<arg>//*[@id="qc-cmp2-ui"]/div[2]/div/button[2]</arg>
<doc>Clicks the button identified by ``locator``.</doc>
<status status="FAIL" start="2024-09-27T14:03:22.817111" elapsed="0.230858">Button with locator '//*[@id="qc-cmp2-ui"]/div[2]/div/button[2]' not found.</status>
</kw>
<arg>click button</arg>
<arg>//*[@id="qc-cmp2-ui"]/div[2]/div/button[2]</arg>
<doc>Runs the given keyword with the given arguments and ignores possible error.</doc>
<status status="PASS" start="2024-09-27T14:03:22.817111" elapsed="0.230929"/>
</kw>
<kw name="Input Text" owner="SeleniumLibrary">
<msg time="2024-09-27T14:03:23.048040" level="INFO">Typing text 'qemail1@wwp.pl' into text field '//*[@id="f_cmu_email"]'.</msg>
<arg>//*[@id="f_cmu_email"]</arg>
<arg>${name}</arg>
<doc>Types the given ``text`` into the text field identified by ``locator``.</doc>
<status status="PASS" start="2024-09-27T14:03:23.048040" elapsed="0.202328"/>
</kw>
<kw name="Input Text" owner="SeleniumLibrary">
<msg time="2024-09-27T14:03:23.251366" level="INFO">Typing text 'qemail1@wwp.pl' into text field '//*[@id="f_cmu_email2"]'.</msg>
<arg>//*[@id="f_cmu_email2"]</arg>
<arg>${name}</arg>
<doc>Types the given ``text`` into the text field identified by ``locator``.</doc>
<status status="PASS" start="2024-09-27T14:03:23.251366" elapsed="0.221428"/>
</kw>
<kw name="Input Text" owner="SeleniumLibrary">
<msg time="2024-09-27T14:03:23.473792" level="INFO">Typing text 'pass1' into text field '//*[@id="f_cmu_password"]'.</msg>
<arg>//*[@id="f_cmu_password"]</arg>
<arg>${password}</arg>
<doc>Types the given ``text`` into the text field identified by ``locator``.</doc>
<status status="PASS" start="2024-09-27T14:03:23.473792" elapsed="0.133723"/>
</kw>
<kw name="Input Text" owner="SeleniumLibrary">
<msg time="2024-09-27T14:03:23.608517" level="INFO">Typing text 'pass1' into text field '//*[@id="f_cmu_password2"]'.</msg>
<arg>//*[@id="f_cmu_password2"]</arg>
<arg>${password}</arg>
<doc>Types the given ``text`` into the text field identified by ``locator``.</doc>
<status status="PASS" start="2024-09-27T14:03:23.608517" elapsed="0.140258"/>
</kw>
<kw name="Checkbox Should Not Be Selected" owner="SeleniumLibrary">
<msg time="2024-09-27T14:03:23.748775" level="INFO">Verifying checkbox '//*[@id="newsletter_agree"]' is not selected.</msg>
<arg>//*[@id="newsletter_agree"]</arg>
<doc>Verifies checkbox ``locator`` is not selected/checked.</doc>
<status status="PASS" start="2024-09-27T14:03:23.748775" elapsed="0.135093"/>
</kw>
<kw name="Select Checkbox" owner="SeleniumLibrary">
<msg time="2024-09-27T14:03:23.884920" level="INFO">Selecting checkbox '//*[@id="newsletter_agree"]'.</msg>
<arg>//*[@id="newsletter_agree"]</arg>
<doc>Selects the checkbox identified by ``locator``.</doc>
<status status="PASS" start="2024-09-27T14:03:23.883868" elapsed="0.095691"/>
</kw>
<kw name="Checkbox Should Not Be Selected" owner="SeleniumLibrary">
<msg time="2024-09-27T14:03:23.980714" level="INFO">Verifying checkbox '//*[@id="user_register_form"]/fieldset/label[2]/input' is not selected.</msg>
<arg>//*[@id="user_register_form"]/fieldset/label[2]/input</arg>
<doc>Verifies checkbox ``locator`` is not selected/checked.</doc>
<status status="PASS" start="2024-09-27T14:03:23.979559" elapsed="0.056395"/>
</kw>
<kw name="Select Checkbox" owner="SeleniumLibrary">
<msg time="2024-09-27T14:03:24.035954" level="INFO">Selecting checkbox '//*[@id="user_register_form"]/fieldset/label[2]/input'.</msg>
<arg>//*[@id="user_register_form"]/fieldset/label[2]/input</arg>
<doc>Selects the checkbox identified by ``locator``.</doc>
<status status="PASS" start="2024-09-27T14:03:24.035954" elapsed="0.132178"/>
</kw>
<kw name="Checkbox Should Not Be Selected" owner="SeleniumLibrary">
<msg time="2024-09-27T14:03:24.170140" level="INFO">Verifying checkbox '//*[@id="user_register_form"]/fieldset/label[3]/input' is not selected.</msg>
<arg>//*[@id="user_register_form"]/fieldset/label[3]/input</arg>
<doc>Verifies checkbox ``locator`` is not selected/checked.</doc>
<status status="PASS" start="2024-09-27T14:03:24.169142" elapsed="0.062000"/>
</kw>
<kw name="Select Checkbox" owner="SeleniumLibrary">
<msg time="2024-09-27T14:03:24.231142" level="INFO">Selecting checkbox '//*[@id="user_register_form"]/fieldset/label[3]/input'.</msg>
<arg>//*[@id="user_register_form"]/fieldset/label[3]/input</arg>
<doc>Selects the checkbox identified by ``locator``.</doc>
<status status="PASS" start="2024-09-27T14:03:24.231142" elapsed="0.100794"/>
</kw>
<kw name="Click Button" owner="SeleniumLibrary">
<msg time="2024-09-27T14:03:24.332939" level="INFO">Clicking button '//*[@id="user_register_form"]/fieldset/footer/button'.</msg>
<arg>//*[@id="user_register_form"]/fieldset/footer/button</arg>
<doc>Clicks the button identified by ``locator``.</doc>
<status status="PASS" start="2024-09-27T14:03:24.332939" elapsed="0.887496"/>
</kw>
<kw name="Wait Until Element Is Visible" owner="SeleniumLibrary">
<arg>//*[@id="main_content"]/div/div/h1</arg>
<arg>timeout=7</arg>
<doc>Waits until the element ``locator`` is visible.</doc>
<status status="PASS" start="2024-09-27T14:03:25.220435" elapsed="0.031996"/>
</kw>
<kw name="Get Text" owner="SeleniumLibrary">
<msg time="2024-09-27T14:03:25.284436" level="INFO">${my_message} = Dziękujemy za założenie nowego konta.</msg>
<var>${my_message}</var>
<arg>//*[@id="main_content"]/div/div/h1</arg>
<doc>Returns the text value of the element identified by ``locator``.</doc>
<status status="PASS" start="2024-09-27T14:03:25.252431" elapsed="0.032005"/>
</kw>
<kw name="Log To Console" owner="BuiltIn">
<arg>${my_message}</arg>
<doc>Logs the given message to the console.</doc>
<status status="PASS" start="2024-09-27T14:03:25.285430" elapsed="0.001003"/>
</kw>
<kw name="Should Be Equal As Strings" owner="BuiltIn">
<arg>${my_message}</arg>
<arg>${message}</arg>
<doc>Fails if objects are unequal after converting them to strings.</doc>
<status status="PASS" start="2024-09-27T14:03:25.286433" elapsed="0.001001"/>
</kw>
<kw name="Capture Page Screenshot" owner="SeleniumLibrary">
<msg time="2024-09-27T14:03:25.487296" level="INFO" html="true">&lt;/td&gt;&lt;/tr&gt;&lt;tr&gt;&lt;td colspan="3"&gt;&lt;a href="selenium-screenshot-7.png"&gt;&lt;img src="selenium-screenshot-7.png" width="800px"&gt;&lt;/a&gt;</msg>
<doc>Takes a screenshot of the current page and embeds it into a log file.</doc>
<status status="PASS" start="2024-09-27T14:03:25.287434" elapsed="0.199862"/>
</kw>
<arg>${emails}[${i}]</arg>
<arg>${passwords}[${i}]</arg>
<status status="PASS" start="2024-09-27T14:03:21.178879" elapsed="4.308417"/>
</kw>
<kw name="Log" owner="BuiltIn">
<msg time="2024-09-27T14:03:25.488307" level="INFO">User qemail1@wwp.pl</msg>
<arg>User ${emails}[${i}]</arg>
<doc>Logs the given message with the given level.</doc>
<status status="PASS" start="2024-09-27T14:03:25.487296" elapsed="0.001011"/>
</kw>
<var name="${i}">0</var>
<status status="PASS" start="2024-09-27T14:03:21.177885" elapsed="4.310422"/>
</iter>
<iter>
<kw name="Registration In Forum">
<kw name="Click Element" owner="SeleniumLibrary">
<msg time="2024-09-27T14:03:25.490298" level="INFO">Clicking element '//*[@id="navTop"]/nav/ul[1]/li[2]/a'.</msg>
<arg>//*[@id="navTop"]/nav/ul[1]/li[2]/a</arg>
<doc>Click the element identified by ``locator``.</doc>
<status status="PASS" start="2024-09-27T14:03:25.489300" elapsed="0.627811"/>
</kw>
<kw name="Run Keyword And Ignore Error" owner="BuiltIn">
<kw name="Click Button" owner="SeleniumLibrary">
<msg time="2024-09-27T14:03:26.118118" level="INFO">Clicking button '//*[@id="qc-cmp2-ui"]/div[2]/div/button[2]'.</msg>
<msg time="2024-09-27T14:03:26.366572" level="INFO" html="true">&lt;/td&gt;&lt;/tr&gt;&lt;tr&gt;&lt;td colspan="3"&gt;&lt;a href="selenium-screenshot-8.png"&gt;&lt;img src="selenium-screenshot-8.png" width="800px"&gt;&lt;/a&gt;</msg>
<msg time="2024-09-27T14:03:26.367559" level="FAIL">Button with locator '//*[@id="qc-cmp2-ui"]/div[2]/div/button[2]' not found.</msg>
<arg>//*[@id="qc-cmp2-ui"]/div[2]/div/button[2]</arg>
<doc>Clicks the button identified by ``locator``.</doc>
<status status="FAIL" start="2024-09-27T14:03:26.117111" elapsed="0.250448">Button with locator '//*[@id="qc-cmp2-ui"]/div[2]/div/button[2]' not found.</status>
</kw>
<arg>click button</arg>
<arg>//*[@id="qc-cmp2-ui"]/div[2]/div/button[2]</arg>
<doc>Runs the given keyword with the given arguments and ignores possible error.</doc>
<status status="PASS" start="2024-09-27T14:03:26.117111" elapsed="0.251452"/>
</kw>
<kw name="Input Text" owner="SeleniumLibrary">
<msg time="2024-09-27T14:03:26.368563" level="INFO">Typing text 'qemail2@wwp.pl' into text field '//*[@id="f_cmu_email"]'.</msg>
<arg>//*[@id="f_cmu_email"]</arg>
<arg>${name}</arg>
<doc>Types the given ``text`` into the text field identified by ``locator``.</doc>
<status status="PASS" start="2024-09-27T14:03:26.368563" elapsed="0.193701"/>
</kw>
<kw name="Input Text" owner="SeleniumLibrary">
<msg time="2024-09-27T14:03:26.563242" level="INFO">Typing text 'qemail2@wwp.pl' into text field '//*[@id="f_cmu_email2"]'.</msg>
<arg>//*[@id="f_cmu_email2"]</arg>
<arg>${name}</arg>
<doc>Types the given ``text`` into the text field identified by ``locator``.</doc>
<status status="PASS" start="2024-09-27T14:03:26.563242" elapsed="0.226301"/>
</kw>
<kw name="Input Text" owner="SeleniumLibrary">
<msg time="2024-09-27T14:03:26.790550" level="INFO">Typing text 'pass2' into text field '//*[@id="f_cmu_password"]'.</msg>
<arg>//*[@id="f_cmu_password"]</arg>
<arg>${password}</arg>
<doc>Types the given ``text`` into the text field identified by ``locator``.</doc>
<status status="PASS" start="2024-09-27T14:03:26.790550" elapsed="0.129763"/>
</kw>
<kw name="Input Text" owner="SeleniumLibrary">
<msg time="2024-09-27T14:03:26.920952" level="INFO">Typing text 'pass2' into text field '//*[@id="f_cmu_password2"]'.</msg>
<arg>//*[@id="f_cmu_password2"]</arg>
<arg>${password}</arg>
<doc>Types the given ``text`` into the text field identified by ``locator``.</doc>
<status status="PASS" start="2024-09-27T14:03:26.920952" elapsed="0.194565"/>
</kw>
<kw name="Checkbox Should Not Be Selected" owner="SeleniumLibrary">
<msg time="2024-09-27T14:03:27.116515" level="INFO">Verifying checkbox '//*[@id="newsletter_agree"]' is not selected.</msg>
<arg>//*[@id="newsletter_agree"]</arg>
<doc>Verifies checkbox ``locator`` is not selected/checked.</doc>
<status status="PASS" start="2024-09-27T14:03:27.115517" elapsed="0.034242"/>
</kw>
<kw name="Select Checkbox" owner="SeleniumLibrary">
<msg time="2024-09-27T14:03:27.149759" level="INFO">Selecting checkbox '//*[@id="newsletter_agree"]'.</msg>
<arg>//*[@id="newsletter_agree"]</arg>
<doc>Selects the checkbox identified by ``locator``.</doc>
<status status="PASS" start="2024-09-27T14:03:27.149759" elapsed="0.117284"/>
</kw>
<kw name="Checkbox Should Not Be Selected" owner="SeleniumLibrary">
<msg time="2024-09-27T14:03:27.268041" level="INFO">Verifying checkbox '//*[@id="user_register_form"]/fieldset/label[2]/input' is not selected.</msg>
<arg>//*[@id="user_register_form"]/fieldset/label[2]/input</arg>
<doc>Verifies checkbox ``locator`` is not selected/checked.</doc>
<status status="PASS" start="2024-09-27T14:03:27.267043" elapsed="0.040216"/>
</kw>
<kw name="Select Checkbox" owner="SeleniumLibrary">
<msg time="2024-09-27T14:03:27.308253" level="INFO">Selecting checkbox '//*[@id="user_register_form"]/fieldset/label[2]/input'.</msg>
<arg>//*[@id="user_register_form"]/fieldset/label[2]/input</arg>
<doc>Selects the checkbox identified by ``locator``.</doc>
<status status="PASS" start="2024-09-27T14:03:27.308253" elapsed="0.133518"/>
</kw>
<kw name="Checkbox Should Not Be Selected" owner="SeleniumLibrary">
<msg time="2024-09-27T14:03:27.442767" level="INFO">Verifying checkbox '//*[@id="user_register_form"]/fieldset/label[3]/input' is not selected.</msg>
<arg>//*[@id="user_register_form"]/fieldset/label[3]/input</arg>
<doc>Verifies checkbox ``locator`` is not selected/checked.</doc>
<status status="PASS" start="2024-09-27T14:03:27.441771" elapsed="0.054995"/>
</kw>
<kw name="Select Checkbox" owner="SeleniumLibrary">
<msg time="2024-09-27T14:03:27.497763" level="INFO">Selecting checkbox '//*[@id="user_register_form"]/fieldset/label[3]/input'.</msg>
<arg>//*[@id="user_register_form"]/fieldset/label[3]/input</arg>
<doc>Selects the checkbox identified by ``locator``.</doc>
<status status="PASS" start="2024-09-27T14:03:27.497763" elapsed="0.181708"/>
</kw>
<kw name="Click Button" owner="SeleniumLibrary">
<msg time="2024-09-27T14:03:27.680453" level="INFO">Clicking button '//*[@id="user_register_form"]/fieldset/footer/button'.</msg>
<arg>//*[@id="user_register_form"]/fieldset/footer/button</arg>
<doc>Clicks the button identified by ``locator``.</doc>
<status status="PASS" start="2024-09-27T14:03:27.679471" elapsed="1.483110"/>
</kw>
<kw name="Wait Until Element Is Visible" owner="SeleniumLibrary">
<arg>//*[@id="main_content"]/div/div/h1</arg>
<arg>timeout=7</arg>
<doc>Waits until the element ``locator`` is visible.</doc>
<status status="PASS" start="2024-09-27T14:03:29.163583" elapsed="0.026914"/>
</kw>
<kw name="Get Text" owner="SeleniumLibrary">
<msg time="2024-09-27T14:03:29.214485" level="INFO">${my_message} = Dziękujemy za założenie nowego konta.</msg>
<var>${my_message}</var>
<arg>//*[@id="main_content"]/div/div/h1</arg>
<doc>Returns the text value of the element identified by ``locator``.</doc>
<status status="PASS" start="2024-09-27T14:03:29.191502" elapsed="0.022983"/>
</kw>
<kw name="Log To Console" owner="BuiltIn">
<arg>${my_message}</arg>
<doc>Logs the given message to the console.</doc>
<status status="PASS" start="2024-09-27T14:03:29.214485" elapsed="0.000000"/>
</kw>
<kw name="Should Be Equal As Strings" owner="BuiltIn">
<arg>${my_message}</arg>
<arg>${message}</arg>
<doc>Fails if objects are unequal after converting them to strings.</doc>
<status status="PASS" start="2024-09-27T14:03:29.215473" elapsed="0.000000"/>
</kw>
<kw name="Capture Page Screenshot" owner="SeleniumLibrary">
<msg time="2024-09-27T14:03:29.418751" level="INFO" html="true">&lt;/td&gt;&lt;/tr&gt;&lt;tr&gt;&lt;td colspan="3"&gt;&lt;a href="selenium-screenshot-9.png"&gt;&lt;img src="selenium-screenshot-9.png" width="800px"&gt;&lt;/a&gt;</msg>
<doc>Takes a screenshot of the current page and embeds it into a log file.</doc>
<status status="PASS" start="2024-09-27T14:03:29.215473" elapsed="0.203278"/>
</kw>
<arg>${emails}[${i}]</arg>
<arg>${passwords}[${i}]</arg>
<status status="PASS" start="2024-09-27T14:03:25.489300" elapsed="3.929451"/>
</kw>
<kw name="Log" owner="BuiltIn">
<msg time="2024-09-27T14:03:29.420004" level="INFO">User qemail2@wwp.pl</msg>
<arg>User ${emails}[${i}]</arg>
<doc>Logs the given message with the given level.</doc>
<status status="PASS" start="2024-09-27T14:03:29.418751" elapsed="0.001253"/>
</kw>
<var name="${i}">1</var>
<status status="PASS" start="2024-09-27T14:03:25.488307" elapsed="3.931697"/>
</iter>
<iter>
<kw name="Registration In Forum">
<kw name="Click Element" owner="SeleniumLibrary">
<msg time="2024-09-27T14:03:29.421003" level="INFO">Clicking element '//*[@id="navTop"]/nav/ul[1]/li[2]/a'.</msg>
<arg>//*[@id="navTop"]/nav/ul[1]/li[2]/a</arg>
<doc>Click the element identified by ``locator``.</doc>
<status status="PASS" start="2024-09-27T14:03:29.421003" elapsed="0.589649"/>
</kw>
<kw name="Run Keyword And Ignore Error" owner="BuiltIn">
<kw name="Click Button" owner="SeleniumLibrary">
<msg time="2024-09-27T14:03:30.011655" level="INFO">Clicking button '//*[@id="qc-cmp2-ui"]/div[2]/div/button[2]'.</msg>
<msg time="2024-09-27T14:03:30.243482" level="INFO" html="true">&lt;/td&gt;&lt;/tr&gt;&lt;tr&gt;&lt;td colspan="3"&gt;&lt;a href="selenium-screenshot-10.png"&gt;&lt;img src="selenium-screenshot-10.png" width="800px"&gt;&lt;/a&gt;</msg>
<msg time="2024-09-27T14:03:30.243482" level="FAIL">Button with locator '//*[@id="qc-cmp2-ui"]/div[2]/div/button[2]' not found.</msg>
<arg>//*[@id="qc-cmp2-ui"]/div[2]/div/button[2]</arg>
<doc>Clicks the button identified by ``locator``.</doc>
<status status="FAIL" start="2024-09-27T14:03:30.011655" elapsed="0.232826">Button with locator '//*[@id="qc-cmp2-ui"]/div[2]/div/button[2]' not found.</status>
</kw>
<arg>click button</arg>
<arg>//*[@id="qc-cmp2-ui"]/div[2]/div/button[2]</arg>
<doc>Runs the given keyword with the given arguments and ignores possible error.</doc>
<status status="PASS" start="2024-09-27T14:03:30.010652" elapsed="0.233829"/>
</kw>
<kw name="Input Text" owner="SeleniumLibrary">
<msg time="2024-09-27T14:03:30.245482" level="INFO">Typing text 'qemail3@wwp.pl' into text field '//*[@id="f_cmu_email"]'.</msg>
<arg>//*[@id="f_cmu_email"]</arg>
<arg>${name}</arg>
<doc>Types the given ``text`` into the text field identified by ``locator``.</doc>
<status status="PASS" start="2024-09-27T14:03:30.245482" elapsed="0.133694"/>
</kw>
<kw name="Input Text" owner="SeleniumLibrary">
<msg time="2024-09-27T14:03:30.380177" level="INFO">Typing text 'qemail3@wwp.pl' into text field '//*[@id="f_cmu_email2"]'.</msg>
<arg>//*[@id="f_cmu_email2"]</arg>
<arg>${name}</arg>
<doc>Types the given ``text`` into the text field identified by ``locator``.</doc>
<status status="PASS" start="2024-09-27T14:03:30.379176" elapsed="0.261169"/>
</kw>
<kw name="Input Text" owner="SeleniumLibrary">
<msg time="2024-09-27T14:03:30.641351" level="INFO">Typing text 'pass3' into text field '//*[@id="f_cmu_password"]'.</msg>
<arg>//*[@id="f_cmu_password"]</arg>
<arg>${password}</arg>
<doc>Types the given ``text`` into the text field identified by ``locator``.</doc>
<status status="PASS" start="2024-09-27T14:03:30.641351" elapsed="0.133662"/>
</kw>
<kw name="Input Text" owner="SeleniumLibrary">
<msg time="2024-09-27T14:03:30.776019" level="INFO">Typing text 'pass3' into text field '//*[@id="f_cmu_password2"]'.</msg>
<arg>//*[@id="f_cmu_password2"]</arg>
<arg>${password}</arg>
<doc>Types the given ``text`` into the text field identified by ``locator``.</doc>
<status status="PASS" start="2024-09-27T14:03:30.776019" elapsed="0.122565"/>
</kw>
<kw name="Checkbox Should Not Be Selected" owner="SeleniumLibrary">
<msg time="2024-09-27T14:03:30.899589" level="INFO">Verifying checkbox '//*[@id="newsletter_agree"]' is not selected.</msg>
<arg>//*[@id="newsletter_agree"]</arg>
<doc>Verifies checkbox ``locator`` is not selected/checked.</doc>
<status status="PASS" start="2024-09-27T14:03:30.899589" elapsed="0.033280"/>
</kw>
<kw name="Select Checkbox" owner="SeleniumLibrary">
<msg time="2024-09-27T14:03:30.933857" level="INFO">Selecting checkbox '//*[@id="newsletter_agree"]'.</msg>
<arg>//*[@id="newsletter_agree"]</arg>
<doc>Selects the checkbox identified by ``locator``.</doc>
<status status="PASS" start="2024-09-27T14:03:30.932869" elapsed="0.110874"/>
</kw>
<kw name="Checkbox Should Not Be Selected" owner="SeleniumLibrary">
<msg time="2024-09-27T14:03:31.045752" level="INFO">Verifying checkbox '//*[@id="user_register_form"]/fieldset/label[2]/input' is not selected.</msg>
<arg>//*[@id="user_register_form"]/fieldset/label[2]/input</arg>
<doc>Verifies checkbox ``locator`` is not selected/checked.</doc>
<status status="PASS" start="2024-09-27T14:03:31.044747" elapsed="0.053272"/>
</kw>
<kw name="Select Checkbox" owner="SeleniumLibrary">
<msg time="2024-09-27T14:03:31.101018" level="INFO">Selecting checkbox '//*[@id="user_register_form"]/fieldset/label[2]/input'.</msg>
<arg>//*[@id="user_register_form"]/fieldset/label[2]/input</arg>
<doc>Selects the checkbox identified by ``locator``.</doc>
<status status="PASS" start="2024-09-27T14:03:31.099040" elapsed="0.176759"/>
</kw>
<kw name="Checkbox Should Not Be Selected" owner="SeleniumLibrary">
<msg time="2024-09-27T14:03:31.277802" level="INFO">Verifying checkbox '//*[@id="user_register_form"]/fieldset/label[3]/input' is not selected.</msg>
<arg>//*[@id="user_register_form"]/fieldset/label[3]/input</arg>
<doc>Verifies checkbox ``locator`` is not selected/checked.</doc>
<status status="PASS" start="2024-09-27T14:03:31.276804" elapsed="0.062218"/>
</kw>
<kw name="Select Checkbox" owner="SeleniumLibrary">
<msg time="2024-09-27T14:03:31.339022" level="INFO">Selecting checkbox '//*[@id="user_register_form"]/fieldset/label[3]/input'.</msg>
<arg>//*[@id="user_register_form"]/fieldset/label[3]/input</arg>
<doc>Selects the checkbox identified by ``locator``.</doc>
<status status="PASS" start="2024-09-27T14:03:31.339022" elapsed="0.162146"/>
</kw>
<kw name="Click Button" owner="SeleniumLibrary">
<msg time="2024-09-27T14:03:31.502181" level="INFO">Clicking button '//*[@id="user_register_form"]/fieldset/footer/button'.</msg>
<arg>//*[@id="user_register_form"]/fieldset/footer/button</arg>
<doc>Clicks the button identified by ``locator``.</doc>
<status status="PASS" start="2024-09-27T14:03:31.501168" elapsed="0.807276"/>
</kw>
<kw name="Wait Until Element Is Visible" owner="SeleniumLibrary">
<arg>//*[@id="main_content"]/div/div/h1</arg>
<arg>timeout=7</arg>
<doc>Waits until the element ``locator`` is visible.</doc>
<status status="PASS" start="2024-09-27T14:03:32.308444" elapsed="0.026170"/>
</kw>
<kw name="Get Text" owner="SeleniumLibrary">
<msg time="2024-09-27T14:03:32.352612" level="INFO">${my_message} = Dziękujemy za założenie nowego konta.</msg>
<var>${my_message}</var>
<arg>//*[@id="main_content"]/div/div/h1</arg>
<doc>Returns the text value of the element identified by ``locator``.</doc>
<status status="PASS" start="2024-09-27T14:03:32.334614" elapsed="0.017998"/>
</kw>
<kw name="Log To Console" owner="BuiltIn">
<arg>${my_message}</arg>
<doc>Logs the given message to the console.</doc>
<status status="PASS" start="2024-09-27T14:03:32.353609" elapsed="0.000000"/>
</kw>
<kw name="Should Be Equal As Strings" owner="BuiltIn">
<arg>${my_message}</arg>
<arg>${message}</arg>
<doc>Fails if objects are unequal after converting them to strings.</doc>
<status status="PASS" start="2024-09-27T14:03:32.353609" elapsed="0.001007"/>
</kw>
<kw name="Capture Page Screenshot" owner="SeleniumLibrary">
<msg time="2024-09-27T14:03:32.567779" level="INFO" html="true">&lt;/td&gt;&lt;/tr&gt;&lt;tr&gt;&lt;td colspan="3"&gt;&lt;a href="selenium-screenshot-11.png"&gt;&lt;img src="selenium-screenshot-11.png" width="800px"&gt;&lt;/a&gt;</msg>
<doc>Takes a screenshot of the current page and embeds it into a log file.</doc>
<status status="PASS" start="2024-09-27T14:03:32.354616" elapsed="0.213163"/>
</kw>
<arg>${emails}[${i}]</arg>
<arg>${passwords}[${i}]</arg>
<status status="PASS" start="2024-09-27T14:03:29.420004" elapsed="3.147775"/>
</kw>
<kw name="Log" owner="BuiltIn">
<msg time="2024-09-27T14:03:32.568757" level="INFO">User qemail3@wwp.pl</msg>
<arg>User ${emails}[${i}]</arg>
<doc>Logs the given message with the given level.</doc>
<status status="PASS" start="2024-09-27T14:03:32.568757" elapsed="0.000000"/>
</kw>
<var name="${i}">2</var>
<status status="PASS" start="2024-09-27T14:03:29.420004" elapsed="3.148753"/>
</iter>
<iter>
<kw name="Registration In Forum">
<kw name="Click Element" owner="SeleniumLibrary">
<msg time="2024-09-27T14:03:32.569774" level="INFO">Clicking element '//*[@id="navTop"]/nav/ul[1]/li[2]/a'.</msg>
<arg>//*[@id="navTop"]/nav/ul[1]/li[2]/a</arg>
<doc>Click the element identified by ``locator``.</doc>
<status status="PASS" start="2024-09-27T14:03:32.569774" elapsed="0.576519"/>
</kw>
<kw name="Run Keyword And Ignore Error" owner="BuiltIn">
<kw name="Click Button" owner="SeleniumLibrary">
<msg time="2024-09-27T14:03:33.147302" level="INFO">Clicking button '//*[@id="qc-cmp2-ui"]/div[2]/div/button[2]'.</msg>
<msg time="2024-09-27T14:03:33.399291" level="INFO" html="true">&lt;/td&gt;&lt;/tr&gt;&lt;tr&gt;&lt;td colspan="3"&gt;&lt;a href="selenium-screenshot-12.png"&gt;&lt;img src="selenium-screenshot-12.png" width="800px"&gt;&lt;/a&gt;</msg>
<msg time="2024-09-27T14:03:33.399291" level="FAIL">Button with locator '//*[@id="qc-cmp2-ui"]/div[2]/div/button[2]' not found.</msg>
<arg>//*[@id="qc-cmp2-ui"]/div[2]/div/button[2]</arg>
<doc>Clicks the button identified by ``locator``.</doc>
<status status="FAIL" start="2024-09-27T14:03:33.147302" elapsed="0.252994">Button with locator '//*[@id="qc-cmp2-ui"]/div[2]/div/button[2]' not found.</status>
</kw>
<arg>click button</arg>
<arg>//*[@id="qc-cmp2-ui"]/div[2]/div/button[2]</arg>
<doc>Runs the given keyword with the given arguments and ignores possible error.</doc>
<status status="PASS" start="2024-09-27T14:03:33.146293" elapsed="0.254003"/>
</kw>
<kw name="Input Text" owner="SeleniumLibrary">
<msg time="2024-09-27T14:03:33.401296" level="INFO">Typing text 'qemail4@wwp.pl' into text field '//*[@id="f_cmu_email"]'.</msg>
<arg>//*[@id="f_cmu_email"]</arg>
<arg>${name}</arg>
<doc>Types the given ``text`` into the text field identified by ``locator``.</doc>
<status status="PASS" start="2024-09-27T14:03:33.401296" elapsed="0.324031"/>
</kw>
<kw name="Input Text" owner="SeleniumLibrary">
<msg time="2024-09-27T14:03:33.726335" level="INFO">Typing text 'qemail4@wwp.pl' into text field '//*[@id="f_cmu_email2"]'.</msg>
<arg>//*[@id="f_cmu_email2"]</arg>
<arg>${name}</arg>
<doc>Types the given ``text`` into the text field identified by ``locator``.</doc>
<status status="PASS" start="2024-09-27T14:03:33.725327" elapsed="0.235002"/>
</kw>
<kw name="Input Text" owner="SeleniumLibrary">
<msg time="2024-09-27T14:03:33.961327" level="INFO">Typing text 'pass4' into text field '//*[@id="f_cmu_password"]'.</msg>
<arg>//*[@id="f_cmu_password"]</arg>
<arg>${password}</arg>
<doc>Types the given ``text`` into the text field identified by ``locator``.</doc>
<status status="PASS" start="2024-09-27T14:03:33.961327" elapsed="0.137109"/>
</kw>
<kw name="Input Text" owner="SeleniumLibrary">
<msg time="2024-09-27T14:03:34.098436" level="INFO">Typing text 'pass4' into text field '//*[@id="f_cmu_password2"]'.</msg>
<arg>//*[@id="f_cmu_password2"]</arg>
<arg>${password}</arg>
<doc>Types the given ``text`` into the text field identified by ``locator``.</doc>
<status status="PASS" start="2024-09-27T14:03:34.098436" elapsed="0.120814"/>
</kw>
<kw name="Checkbox Should Not Be Selected" owner="SeleniumLibrary">
<msg time="2024-09-27T14:03:34.220256" level="INFO">Verifying checkbox '//*[@id="newsletter_agree"]' is not selected.</msg>
<arg>//*[@id="newsletter_agree"]</arg>
<doc>Verifies checkbox ``locator`` is not selected/checked.</doc>
<status status="PASS" start="2024-09-27T14:03:34.220256" elapsed="0.034495"/>
</kw>
<kw name="Select Checkbox" owner="SeleniumLibrary">
<msg time="2024-09-27T14:03:34.255745" level="INFO">Selecting checkbox '//*[@id="newsletter_agree"]'.</msg>
<arg>//*[@id="newsletter_agree"]</arg>
<doc>Selects the checkbox identified by ``locator``.</doc>
<status status="PASS" start="2024-09-27T14:03:34.255745" elapsed="0.135816"/>
</kw>
<kw name="Checkbox Should Not Be Selected" owner="SeleniumLibrary">
<msg time="2024-09-27T14:03:34.392548" level="INFO">Verifying checkbox '//*[@id="user_register_form"]/fieldset/label[2]/input' is not selected.</msg>
<arg>//*[@id="user_register_form"]/fieldset/label[2]/input</arg>
<doc>Verifies checkbox ``locator`` is not selected/checked.</doc>
<status status="PASS" start="2024-09-27T14:03:34.391561" elapsed="0.058642"/>
</kw>
<kw name="Select Checkbox" owner="SeleniumLibrary">
<msg time="2024-09-27T14:03:34.450203" level="INFO">Selecting checkbox '//*[@id="user_register_form"]/fieldset/label[2]/input'.</msg>
<arg>//*[@id="user_register_form"]/fieldset/label[2]/input</arg>
<doc>Selects the checkbox identified by ``locator``.</doc>
<status status="PASS" start="2024-09-27T14:03:34.450203" elapsed="0.129110"/>
</kw>
<kw name="Checkbox Should Not Be Selected" owner="SeleniumLibrary">
<msg time="2024-09-27T14:03:34.579313" level="INFO">Verifying checkbox '//*[@id="user_register_form"]/fieldset/label[3]/input' is not selected.</msg>
<arg>//*[@id="user_register_form"]/fieldset/label[3]/input</arg>
<doc>Verifies checkbox ``locator`` is not selected/checked.</doc>
<status status="PASS" start="2024-09-27T14:03:34.579313" elapsed="0.066716"/>
</kw>
<kw name="Select Checkbox" owner="SeleniumLibrary">
<msg time="2024-09-27T14:03:34.646029" level="INFO">Selecting checkbox '//*[@id="user_register_form"]/fieldset/label[3]/input'.</msg>
<arg>//*[@id="user_register_form"]/fieldset/label[3]/input</arg>
<doc>Selects the checkbox identified by ``locator``.</doc>
<status status="PASS" start="2024-09-27T14:03:34.646029" elapsed="0.105364"/>
</kw>
<kw name="Click Button" owner="SeleniumLibrary">
<msg time="2024-09-27T14:03:34.752395" level="INFO">Clicking button '//*[@id="user_register_form"]/fieldset/footer/button'.</msg>
<arg>//*[@id="user_register_form"]/fieldset/footer/button</arg>
<doc>Clicks the button identified by ``locator``.</doc>
<status status="PASS" start="2024-09-27T14:03:34.752395" elapsed="0.809637"/>
</kw>
<kw name="Wait Until Element Is Visible" owner="SeleniumLibrary">
<arg>//*[@id="main_content"]/div/div/h1</arg>
<arg>timeout=7</arg>
<doc>Waits until the element ``locator`` is visible.</doc>
<status status="PASS" start="2024-09-27T14:03:35.562032" elapsed="0.029325"/>
</kw>
<kw name="Get Text" owner="SeleniumLibrary">
<msg time="2024-09-27T14:03:35.617823" level="INFO">${my_message} = Dziękujemy za założenie nowego konta.</msg>
<var>${my_message}</var>
<arg>//*[@id="main_content"]/div/div/h1</arg>
<doc>Returns the text value of the element identified by ``locator``.</doc>
<status status="PASS" start="2024-09-27T14:03:35.592359" elapsed="0.025464"/>
</kw>
<kw name="Log To Console" owner="BuiltIn">
<arg>${my_message}</arg>
<doc>Logs the given message to the console.</doc>
<status status="PASS" start="2024-09-27T14:03:35.617823" elapsed="0.001000"/>
</kw>
<kw name="Should Be Equal As Strings" owner="BuiltIn">
<arg>${my_message}</arg>
<arg>${message}</arg>
<doc>Fails if objects are unequal after converting them to strings.</doc>
<status status="PASS" start="2024-09-27T14:03:35.618823" elapsed="0.000000"/>
</kw>
<kw name="Capture Page Screenshot" owner="SeleniumLibrary">
<msg time="2024-09-27T14:03:35.825650" level="INFO" html="true">&lt;/td&gt;&lt;/tr&gt;&lt;tr&gt;&lt;td colspan="3"&gt;&lt;a href="selenium-screenshot-13.png"&gt;&lt;img src="selenium-screenshot-13.png" width="800px"&gt;&lt;/a&gt;</msg>
<doc>Takes a screenshot of the current page and embeds it into a log file.</doc>
<status status="PASS" start="2024-09-27T14:03:35.619821" elapsed="0.205829"/>
</kw>
<arg>${emails}[${i}]</arg>
<arg>${passwords}[${i}]</arg>
<status status="PASS" start="2024-09-27T14:03:32.568757" elapsed="3.256893"/>
</kw>
<kw name="Log" owner="BuiltIn">
<msg time="2024-09-27T14:03:35.825650" level="INFO">User qemail4@wwp.pl</msg>
<arg>User ${emails}[${i}]</arg>
<doc>Logs the given message with the given level.</doc>
<status status="PASS" start="2024-09-27T14:03:35.825650" elapsed="0.000000"/>
</kw>
<var name="${i}">3</var>
<status status="PASS" start="2024-09-27T14:03:32.568757" elapsed="3.256893"/>
</iter>
<iter>
<kw name="Registration In Forum">
<kw name="Click Element" owner="SeleniumLibrary">
<msg time="2024-09-27T14:03:35.825650" level="INFO">Clicking element '//*[@id="navTop"]/nav/ul[1]/li[2]/a'.</msg>
<arg>//*[@id="navTop"]/nav/ul[1]/li[2]/a</arg>
<doc>Click the element identified by ``locator``.</doc>
<status status="PASS" start="2024-09-27T14:03:35.825650" elapsed="0.608425"/>
</kw>
<kw name="Run Keyword And Ignore Error" owner="BuiltIn">
<kw name="Click Button" owner="SeleniumLibrary">
<msg time="2024-09-27T14:03:36.435082" level="INFO">Clicking button '//*[@id="qc-cmp2-ui"]/div[2]/div/button[2]'.</msg>
<msg time="2024-09-27T14:03:36.683613" level="INFO" html="true">&lt;/td&gt;&lt;/tr&gt;&lt;tr&gt;&lt;td colspan="3"&gt;&lt;a href="selenium-screenshot-14.png"&gt;&lt;img src="selenium-screenshot-14.png" width="800px"&gt;&lt;/a&gt;</msg>
<msg time="2024-09-27T14:03:36.683613" level="FAIL">Button with locator '//*[@id="qc-cmp2-ui"]/div[2]/div/button[2]' not found.</msg>
<arg>//*[@id="qc-cmp2-ui"]/div[2]/div/button[2]</arg>
<doc>Clicks the button identified by ``locator``.</doc>
<status status="FAIL" start="2024-09-27T14:03:36.435082" elapsed="0.249537">Button with locator '//*[@id="qc-cmp2-ui"]/div[2]/div/button[2]' not found.</status>
</kw>
<arg>click button</arg>
<arg>//*[@id="qc-cmp2-ui"]/div[2]/div/button[2]</arg>
<doc>Runs the given keyword with the given arguments and ignores possible error.</doc>
<status status="PASS" start="2024-09-27T14:03:36.435082" elapsed="0.249537"/>
</kw>
<kw name="Input Text" owner="SeleniumLibrary">
<msg time="2024-09-27T14:03:36.685619" level="INFO">Typing text 'qemail5@wwp.pl' into text field '//*[@id="f_cmu_email"]'.</msg>
<arg>//*[@id="f_cmu_email"]</arg>
<arg>${name}</arg>
<doc>Types the given ``text`` into the text field identified by ``locator``.</doc>
<status status="PASS" start="2024-09-27T14:03:36.684619" elapsed="0.192547"/>
</kw>
<kw name="Input Text" owner="SeleniumLibrary">
<msg time="2024-09-27T14:03:36.878141" level="INFO">Typing text 'qemail5@wwp.pl' into text field '//*[@id="f_cmu_email2"]'.</msg>
<arg>//*[@id="f_cmu_email2"]</arg>
<arg>${name}</arg>
<doc>Types the given ``text`` into the text field identified by ``locator``.</doc>
<status status="PASS" start="2024-09-27T14:03:36.878141" elapsed="0.232409"/>
</kw>
<kw name="Input Text" owner="SeleniumLibrary">
<msg time="2024-09-27T14:03:37.111561" level="INFO">Typing text 'pass5' into text field '//*[@id="f_cmu_password"]'.</msg>
<arg>//*[@id="f_cmu_password"]</arg>
<arg>${password}</arg>
<doc>Types the given ``text`` into the text field identified by ``locator``.</doc>
<status status="PASS" start="2024-09-27T14:03:37.110550" elapsed="0.144856"/>
</kw>
<kw name="Input Text" owner="SeleniumLibrary">
<msg time="2024-09-27T14:03:37.256403" level="INFO">Typing text 'pass5' into text field '//*[@id="f_cmu_password2"]'.</msg>
<arg>//*[@id="f_cmu_password2"]</arg>
<arg>${password}</arg>
<doc>Types the given ``text`` into the text field identified by ``locator``.</doc>
<status status="PASS" start="2024-09-27T14:03:37.255406" elapsed="0.165600"/>
</kw>
<kw name="Checkbox Should Not Be Selected" owner="SeleniumLibrary">
<msg time="2024-09-27T14:03:37.422010" level="INFO">Verifying checkbox '//*[@id="newsletter_agree"]' is not selected.</msg>
<arg>//*[@id="newsletter_agree"]</arg>
<doc>Verifies checkbox ``locator`` is not selected/checked.</doc>
<status status="PASS" start="2024-09-27T14:03:37.422010" elapsed="0.030901"/>
</kw>
<kw name="Select Checkbox" owner="SeleniumLibrary">
<msg time="2024-09-27T14:03:37.454136" level="INFO">Selecting checkbox '//*[@id="newsletter_agree"]'.</msg>
<arg>//*[@id="newsletter_agree"]</arg>
<doc>Selects the checkbox identified by ``locator``.</doc>
<status status="PASS" start="2024-09-27T14:03:37.454136" elapsed="0.096597"/>
</kw>
<kw name="Checkbox Should Not Be Selected" owner="SeleniumLibrary">
<msg time="2024-09-27T14:03:37.550733" level="INFO">Verifying checkbox '//*[@id="user_register_form"]/fieldset/label[2]/input' is not selected.</msg>
<arg>//*[@id="user_register_form"]/fieldset/label[2]/input</arg>
<doc>Verifies checkbox ``locator`` is not selected/checked.</doc>
<status status="PASS" start="2024-09-27T14:03:37.550733" elapsed="0.039005"/>
</kw>
<kw name="Select Checkbox" owner="SeleniumLibrary">
<msg time="2024-09-27T14:03:37.590744" level="INFO">Selecting checkbox '//*[@id="user_register_form"]/fieldset/label[2]/input'.</msg>
<arg>//*[@id="user_register_form"]/fieldset/label[2]/input</arg>
<doc>Selects the checkbox identified by ``locator``.</doc>
<status status="PASS" start="2024-09-27T14:03:37.589738" elapsed="0.141351"/>
</kw>
<kw name="Checkbox Should Not Be Selected" owner="SeleniumLibrary">
<msg time="2024-09-27T14:03:37.732084" level="INFO">Verifying checkbox '//*[@id="user_register_form"]/fieldset/label[3]/input' is not selected.</msg>
<arg>//*[@id="user_register_form"]/fieldset/label[3]/input</arg>
<doc>Verifies checkbox ``locator`` is not selected/checked.</doc>
<status status="PASS" start="2024-09-27T14:03:37.731089" elapsed="0.051159"/>
</kw>
<kw name="Select Checkbox" owner="SeleniumLibrary">
<msg time="2024-09-27T14:03:37.782248" level="INFO">Selecting checkbox '//*[@id="user_register_form"]/fieldset/label[3]/input'.</msg>
<arg>//*[@id="user_register_form"]/fieldset/label[3]/input</arg>
<doc>Selects the checkbox identified by ``locator``.</doc>
<status status="PASS" start="2024-09-27T14:03:37.782248" elapsed="0.085111"/>
</kw>
<kw name="Click Button" owner="SeleniumLibrary">
<msg time="2024-09-27T14:03:37.867359" level="INFO">Clicking button '//*[@id="user_register_form"]/fieldset/footer/button'.</msg>
<arg>//*[@id="user_register_form"]/fieldset/footer/button</arg>
<doc>Clicks the button identified by ``locator``.</doc>
<status status="PASS" start="2024-09-27T14:03:37.867359" elapsed="0.769218"/>
</kw>
<kw name="Wait Until Element Is Visible" owner="SeleniumLibrary">
<arg>//*[@id="main_content"]/div/div/h1</arg>
<arg>timeout=7</arg>
<doc>Waits until the element ``locator`` is visible.</doc>
<status status="PASS" start="2024-09-27T14:03:38.636577" elapsed="0.030995"/>
</kw>
<kw name="Get Text" owner="SeleniumLibrary">
<msg time="2024-09-27T14:03:38.691786" level="INFO">${my_message} = Dziękujemy za założenie nowego konta.</msg>
<var>${my_message}</var>
<arg>//*[@id="main_content"]/div/div/h1</arg>
<doc>Returns the text value of the element identified by ``locator``.</doc>
<status status="PASS" start="2024-09-27T14:03:38.667572" elapsed="0.024214"/>
</kw>
<kw name="Log To Console" owner="BuiltIn">
<arg>${my_message}</arg>
<doc>Logs the given message to the console.</doc>
<status status="PASS" start="2024-09-27T14:03:38.691786" elapsed="0.000998"/>
</kw>
<kw name="Should Be Equal As Strings" owner="BuiltIn">
<arg>${my_message}</arg>
<arg>${message}</arg>
<doc>Fails if objects are unequal after converting them to strings.</doc>
<status status="PASS" start="2024-09-27T14:03:38.692784" elapsed="0.000000"/>
</kw>
<kw name="Capture Page Screenshot" owner="SeleniumLibrary">
<msg time="2024-09-27T14:03:38.899817" level="INFO" html="true">&lt;/td&gt;&lt;/tr&gt;&lt;tr&gt;&lt;td colspan="3"&gt;&lt;a href="selenium-screenshot-15.png"&gt;&lt;img src="selenium-screenshot-15.png" width="800px"&gt;&lt;/a&gt;</msg>
<doc>Takes a screenshot of the current page and embeds it into a log file.</doc>
<status status="PASS" start="2024-09-27T14:03:38.692784" elapsed="0.207033"/>
</kw>
<arg>${emails}[${i}]</arg>
<arg>${passwords}[${i}]</arg>
<status status="PASS" start="2024-09-27T14:03:35.825650" elapsed="3.074167"/>
</kw>
<kw name="Log" owner="BuiltIn">
<msg time="2024-09-27T14:03:38.899817" level="INFO">User qemail5@wwp.pl</msg>
<arg>User ${emails}[${i}]</arg>
<doc>Logs the given message with the given level.</doc>
<status status="PASS" start="2024-09-27T14:03:38.899817" elapsed="0.000000"/>
</kw>
<var name="${i}">4</var>
<status status="PASS" start="2024-09-27T14:03:35.825650" elapsed="3.074167"/>
</iter>
<var>${i}</var>
<value>5</value>
<status status="PASS" start="2024-09-27T14:03:21.177885" elapsed="17.721932"/>
</for>
<status status="PASS" start="2024-09-27T14:03:16.431382" elapsed="22.469438"/>
</test>
<test id="s1-t2" name="Unsuccessful Regiustratoin Different Names" line="44">
<kw name="Open My Browser" type="SETUP">
<kw name="Open Browser" owner="SeleniumLibrary">
<msg time="2024-09-27T14:03:38.902822" level="INFO">Opening browser 'Chrome' to base url 'https://gotujmy.pl/forum/'.</msg>
<arg>https://gotujmy.pl/forum/</arg>
<arg>Chrome</arg>
<doc>Opens a new browser instance to the optional ``url``.</doc>
<status status="PASS" start="2024-09-27T14:03:38.902822" elapsed="3.497486"/>
</kw>
<kw name="Maximize Browser Window" owner="SeleniumLibrary">
<doc>Maximizes current browser window.</doc>
<status status="PASS" start="2024-09-27T14:03:42.400308" elapsed="0.129303"/>
</kw>
<kw name="Scroll Element Into View" owner="SeleniumLibrary">
<arg>//*[@id="qc-cmp2-ui"]/div[2]/div/button[2]</arg>
<doc>Scrolls the element identified by ``locator`` into view.</doc>
<status status="PASS" start="2024-09-27T14:03:42.530621" elapsed="0.378060"/>
</kw>
<kw name="Run Keyword And Ignore Error" owner="BuiltIn">
<kw name="Click Button" owner="SeleniumLibrary">
<msg time="2024-09-27T14:03:42.909689" level="INFO">Clicking button '//*[@id="qc-cmp2-ui"]/div[2]/div/button[2]'.</msg>
<arg>//*[@id="qc-cmp2-ui"]/div[2]/div/button[2]</arg>
<doc>Clicks the button identified by ``locator``.</doc>
<status status="PASS" start="2024-09-27T14:03:42.909689" elapsed="0.269946"/>
</kw>
<arg>click button</arg>
<arg>//*[@id="qc-cmp2-ui"]/div[2]/div/button[2]</arg>
<doc>Runs the given keyword with the given arguments and ignores possible error.</doc>
<status status="PASS" start="2024-09-27T14:03:42.908681" elapsed="0.270954"/>
</kw>
<status status="PASS" start="2024-09-27T14:03:38.902822" elapsed="4.276813"/>
</kw>
<kw name="Sleep" owner="BuiltIn">
<msg time="2024-09-27T14:03:44.180809" level="INFO">Slept 1 second.</msg>
<arg>1</arg>
<doc>Pauses the test executed for the given time.</doc>
<status status="PASS" start="2024-09-27T14:03:43.180636" elapsed="1.000173"/>
</kw>
<status status="PASS" start="2024-09-27T14:03:38.901818" elapsed="5.280021"/>
</test>
<status status="PASS" start="2024-09-27T14:03:16.008884" elapsed="28.173960"/>
</suite>
<statistics>
<total>
<stat pass="2" fail="0" skip="0">All Tests</stat>
</total>
<tag>
</tag>
<suite>
<stat pass="2" fail="0" skip="0" id="s1" name="Robot5 przyklad">Robot5 przyklad</stat>
</suite>
</statistics>
<errors>
</errors>
</robot>
