<?xml version="1.0" encoding="UTF-8"?>
<robot generator="Robot 7.1 (Python 3.12.1 on win32)" generated="2024-09-27T09:11:10.735799" rpa="false" schemaversion="5">
<suite id="s1" name="Robot4 petle" source="C:\Users\Student\Desktop\Altkom_25_09_24\Robot4_petle.robot">
<test id="s1-t1" name="Loop a list" line="10">
<kw name="Log" owner="BuiltIn">
<msg time="2024-09-27T09:11:10.782935" level="INFO">['one', 'two', 'three']</msg>
<arg>${LIST}</arg>
<doc>Logs the given message with the given level.</doc>
<status status="PASS" start="2024-09-27T09:11:10.782935" elapsed="0.001004"/>
</kw>
<for flavor="IN">
<iter>
<kw name="Log" owner="BuiltIn">
<msg time="2024-09-27T09:11:10.786685" level="INFO">one</msg>
<arg>${item}</arg>
<doc>Logs the given message with the given level.</doc>
<status status="PASS" start="2024-09-27T09:11:10.785213" elapsed="0.001472"/>
</kw>
<var name="${item}">one</var>
<status status="PASS" start="2024-09-27T09:11:10.785213" elapsed="0.001472"/>
</iter>
<iter>
<kw name="Log" owner="BuiltIn">
<msg time="2024-09-27T09:11:10.786685" level="INFO">two</msg>
<arg>${item}</arg>
<doc>Logs the given message with the given level.</doc>
<status status="PASS" start="2024-09-27T09:11:10.786685" elapsed="0.000000"/>
</kw>
<var name="${item}">two</var>
<status status="PASS" start="2024-09-27T09:11:10.786685" elapsed="0.000000"/>
</iter>
<iter>
<kw name="Log" owner="BuiltIn">
<msg time="2024-09-27T09:11:10.787911" level="INFO">three</msg>
<arg>${item}</arg>
<doc>Logs the given message with the given level.</doc>
<status status="PASS" start="2024-09-27T09:11:10.787911" elapsed="0.000000"/>
</kw>
<var name="${item}">three</var>
<status status="PASS" start="2024-09-27T09:11:10.787707" elapsed="0.000204"/>
</iter>
<var>${item}</var>
<value>@{LIST}</value>
<status status="PASS" start="2024-09-27T09:11:10.784231" elapsed="0.003680"/>
</for>
<for flavor="IN">
<iter>
<kw name="Log" owner="BuiltIn">
<msg time="2024-09-27T09:11:10.789089" level="INFO">one</msg>
<arg>${item}</arg>
<doc>Logs the given message with the given level.</doc>
<status status="PASS" start="2024-09-27T09:11:10.788915" elapsed="0.000174"/>
</kw>
<var name="${item}">one</var>
<status status="PASS" start="2024-09-27T09:11:10.787911" elapsed="0.001178"/>
</iter>
<iter>
<kw name="Log" owner="BuiltIn">
<msg time="2024-09-27T09:11:10.789089" level="INFO">two</msg>
<arg>${item}</arg>
<doc>Logs the given message with the given level.</doc>
<status status="PASS" start="2024-09-27T09:11:10.789089" elapsed="0.000000"/>
</kw>
<var name="${item}">two</var>
<status status="PASS" start="2024-09-27T09:11:10.789089" elapsed="0.000000"/>
</iter>
<iter>
<kw name="Log" owner="BuiltIn">
<msg time="2024-09-27T09:11:10.790308" level="INFO">three</msg>
<arg>${item}</arg>
<doc>Logs the given message with the given level.</doc>
<status status="PASS" start="2024-09-27T09:11:10.790206" elapsed="0.000102"/>
</kw>
<var name="${item}">three</var>
<status status="PASS" start="2024-09-27T09:11:10.790108" elapsed="0.000200"/>
</iter>
<var>${item}</var>
<value>one</value>
<value>two</value>
<value>three</value>
<status status="PASS" start="2024-09-27T09:11:10.787911" elapsed="0.002397"/>
</for>
<status status="PASS" start="2024-09-27T09:11:10.780538" elapsed="0.009770"/>
</test>
<test id="s1-t2" name="Loop a dictionary" line="19">
<kw name="Log" owner="BuiltIn">
<msg time="2024-09-27T09:11:10.794060" level="INFO">{'string': 'cat', 'number': 1, 'list': ['one', 'two', 'three']}</msg>
<arg>${DICTIONARY}</arg>
<doc>Logs the given message with the given level.</doc>
<status status="PASS" start="2024-09-27T09:11:10.793960" elapsed="0.000100"/>
</kw>
<for flavor="IN">
<iter>
<kw name="Log" owner="BuiltIn">
<msg time="2024-09-27T09:11:10.795240" level="INFO">('string', 'cat')</msg>
<arg>${key_value_tuple}</arg>
<doc>Logs the given message with the given level.</doc>
<status status="PASS" start="2024-09-27T09:11:10.795065" elapsed="0.000175"/>
</kw>
<var name="${key_value_tuple}">('string', 'cat')</var>
<status status="PASS" start="2024-09-27T09:11:10.794060" elapsed="0.001180"/>
</iter>
<iter>
<kw name="Log" owner="BuiltIn">
<msg time="2024-09-27T09:11:10.795240" level="INFO">('number', 1)</msg>
<arg>${key_value_tuple}</arg>
<doc>Logs the given message with the given level.</doc>
<status status="PASS" start="2024-09-27T09:11:10.795240" elapsed="0.000000"/>
</kw>
<var name="${key_value_tuple}">('number', 1)</var>
<status status="PASS" start="2024-09-27T09:11:10.795240" elapsed="0.000000"/>
</iter>
<iter>
<kw name="Log" owner="BuiltIn">
<msg time="2024-09-27T09:11:10.796421" level="INFO">('list', ['one', 'two', 'three'])</msg>
<arg>${key_value_tuple}</arg>
<doc>Logs the given message with the given level.</doc>
<status status="PASS" start="2024-09-27T09:11:10.796421" elapsed="0.000000"/>
</kw>
<var name="${key_value_tuple}">('list', ['one', 'two', 'three'])</var>
<status status="PASS" start="2024-09-27T09:11:10.796325" elapsed="0.000096"/>
</iter>
<var>${key_value_tuple}</var>
<value>&amp;{DICTIONARY}</value>
<status status="PASS" start="2024-09-27T09:11:10.794060" elapsed="0.002361"/>
</for>
<for flavor="IN">
<iter>
<kw name="Log" owner="BuiltIn">
<msg time="2024-09-27T09:11:10.799000" level="INFO">string=cat</msg>
<arg>${key}=${DICTIONARY}[${key}]</arg>
<doc>Logs the given message with the given level.</doc>
<status status="PASS" start="2024-09-27T09:11:10.799000" elapsed="0.001250"/>
</kw>
<var name="${key}">string</var>
<status status="PASS" start="2024-09-27T09:11:10.798023" elapsed="0.002374"/>
</iter>
<iter>
<kw name="Log" owner="BuiltIn">
<msg time="2024-09-27T09:11:10.801677" level="INFO">number=1</msg>
<arg>${key}=${DICTIONARY}[${key}]</arg>
<doc>Logs the given message with the given level.</doc>
<status status="PASS" start="2024-09-27T09:11:10.800397" elapsed="0.001280"/>
</kw>
<var name="${key}">number</var>
<status status="PASS" start="2024-09-27T09:11:10.800397" elapsed="0.001280"/>
</iter>
<iter>
<kw name="Log" owner="BuiltIn">
<msg time="2024-09-27T09:11:10.802665" level="INFO">list=['one', 'two', 'three']</msg>
<arg>${key}=${DICTIONARY}[${key}]</arg>
<doc>Logs the given message with the given level.</doc>
<status status="PASS" start="2024-09-27T09:11:10.802665" elapsed="0.001000"/>
</kw>
<var name="${key}">list</var>
<status status="PASS" start="2024-09-27T09:11:10.801677" elapsed="0.002368"/>
</iter>
<var>${key}</var>
<value>@{DICTIONARY}</value>
<status status="PASS" start="2024-09-27T09:11:10.798023" elapsed="0.006022"/>
</for>
<status status="PASS" start="2024-09-27T09:11:10.792833" elapsed="0.011212"/>
</test>
<test id="s1-t3" name="Loop a range from 0 to end index" line="31">
<for flavor="IN RANGE">
<iter>
<kw name="Log" owner="BuiltIn">
<msg time="2024-09-27T09:11:10.809715" level="INFO">0</msg>
<arg>${index}</arg>
<doc>Logs the given message with the given level.</doc>
<status status="PASS" start="2024-09-27T09:11:10.809715" elapsed="0.000000"/>
</kw>
<var name="${index}">0</var>
<status status="PASS" start="2024-09-27T09:11:10.808741" elapsed="0.000974"/>
</iter>
<iter>
<kw name="Log" owner="BuiltIn">
<msg time="2024-09-27T09:11:10.811004" level="INFO">1</msg>
<arg>${index}</arg>
<doc>Logs the given message with the given level.</doc>
<status status="PASS" start="2024-09-27T09:11:10.809715" elapsed="0.001289"/>
</kw>
<var name="${index}">1</var>
<status status="PASS" start="2024-09-27T09:11:10.809715" elapsed="0.001289"/>
</iter>
<iter>
<kw name="Log" owner="BuiltIn">
<msg time="2024-09-27T09:11:10.811004" level="INFO">2</msg>
<arg>${index}</arg>
<doc>Logs the given message with the given level.</doc>
<status status="PASS" start="2024-09-27T09:11:10.811004" elapsed="0.000000"/>
</kw>
<var name="${index}">2</var>
<status status="PASS" start="2024-09-27T09:11:10.811004" elapsed="0.000000"/>
</iter>
<iter>
<kw name="Log" owner="BuiltIn">
<msg time="2024-09-27T09:11:10.812162" level="INFO">3</msg>
<arg>${index}</arg>
<doc>Logs the given message with the given level.</doc>
<status status="PASS" start="2024-09-27T09:11:10.812162" elapsed="0.000000"/>
</kw>
<var name="${index}">3</var>
<status status="PASS" start="2024-09-27T09:11:10.812162" elapsed="0.000000"/>
</iter>
<iter>
<kw name="Log" owner="BuiltIn">
<msg time="2024-09-27T09:11:10.813346" level="INFO">4</msg>
<arg>${index}</arg>
<doc>Logs the given message with the given level.</doc>
<status status="PASS" start="2024-09-27T09:11:10.813169" elapsed="0.001176"/>
</kw>
<var name="${index}">4</var>
<status status="PASS" start="2024-09-27T09:11:10.812162" elapsed="0.002183"/>
</iter>
<iter>
<kw name="Log" owner="BuiltIn">
<msg time="2024-09-27T09:11:10.815586" level="INFO">5</msg>
<arg>${index}</arg>
<doc>Logs the given message with the given level.</doc>
<status status="PASS" start="2024-09-27T09:11:10.814345" elapsed="0.001241"/>
</kw>
<var name="${index}">5</var>
<status status="PASS" start="2024-09-27T09:11:10.814345" elapsed="0.001241"/>
</iter>
<iter>
<kw name="Log" owner="BuiltIn">
<msg time="2024-09-27T09:11:10.816590" level="INFO">6</msg>
<arg>${index}</arg>
<doc>Logs the given message with the given level.</doc>
<status status="PASS" start="2024-09-27T09:11:10.815586" elapsed="0.001156"/>
</kw>
<var name="${index}">6</var>
<status status="PASS" start="2024-09-27T09:11:10.815586" elapsed="0.001156"/>
</iter>
<iter>
<kw name="Log" owner="BuiltIn">
<msg time="2024-09-27T09:11:10.817731" level="INFO">7</msg>
<arg>${index}</arg>
<doc>Logs the given message with the given level.</doc>
<status status="PASS" start="2024-09-27T09:11:10.817731" elapsed="0.000000"/>
</kw>
<var name="${index}">7</var>
<status status="PASS" start="2024-09-27T09:11:10.816742" elapsed="0.000989"/>
</iter>
<iter>
<kw name="Log" owner="BuiltIn">
<msg time="2024-09-27T09:11:10.818734" level="INFO">8</msg>
<arg>${index}</arg>
<doc>Logs the given message with the given level.</doc>
<status status="PASS" start="2024-09-27T09:11:10.817731" elapsed="0.001251"/>
</kw>
<var name="${index}">8</var>
<status status="PASS" start="2024-09-27T09:11:10.817731" elapsed="0.001251"/>
</iter>
<iter>
<kw name="Log" owner="BuiltIn">
<msg time="2024-09-27T09:11:10.820033" level="INFO">9</msg>
<arg>${index}</arg>
<doc>Logs the given message with the given level.</doc>
<status status="PASS" start="2024-09-27T09:11:10.818982" elapsed="0.001169"/>
</kw>
<var name="${index}">9</var>
<status status="PASS" start="2024-09-27T09:11:10.818982" elapsed="0.001169"/>
</iter>
<var>${index}</var>
<value>10</value>
<status status="PASS" start="2024-09-27T09:11:10.808741" elapsed="0.011410"/>
</for>
<status status="PASS" start="2024-09-27T09:11:10.806105" elapsed="0.014046"/>
</test>
<test id="s1-t4" name="Loop a range from start to end index" line="36">
<for flavor="IN RANGE">
<iter>
<kw name="Log" owner="BuiltIn">
<msg time="2024-09-27T09:11:10.823624" level="INFO">1</msg>
<arg>${index}</arg>
<doc>Logs the given message with the given level.</doc>
<status status="PASS" start="2024-09-27T09:11:10.823624" elapsed="0.000000"/>
</kw>
<kw name="sleep 3">
<msg time="2024-09-27T09:11:10.825970" level="FAIL">No keyword with name 'sleep 3' found. Did you mean:
    BuiltIn.Sleep</msg>
<status status="FAIL" start="2024-09-27T09:11:10.824827" elapsed="0.001218">No keyword with name 'sleep 3' found. Did you mean:
    BuiltIn.Sleep</status>
</kw>
<var name="${index}">1</var>
<status status="FAIL" start="2024-09-27T09:11:10.823401" elapsed="0.002644">No keyword with name 'sleep 3' found. Did you mean:
    BuiltIn.Sleep</status>
</iter>
<var>${index}</var>
<value>1</value>
<value>10</value>
<status status="FAIL" start="2024-09-27T09:11:10.822398" elapsed="0.003647">No keyword with name 'sleep 3' found. Did you mean:
    BuiltIn.Sleep</status>
</for>
<status status="FAIL" start="2024-09-27T09:11:10.822398" elapsed="0.004646">No keyword with name 'sleep 3' found. Did you mean:
    BuiltIn.Sleep</status>
</test>
<test id="s1-t5" name="Loop a range from start to end index with steps" line="42">
<for flavor="IN RANGE">
<iter>
<kw name="Log" owner="BuiltIn">
<msg time="2024-09-27T09:11:10.831861" level="INFO">0</msg>
<arg>${index}</arg>
<doc>Logs the given message with the given level.</doc>
<status status="PASS" start="2024-09-27T09:11:10.830561" elapsed="0.001300"/>
</kw>
<var name="${index}">0</var>
<status status="PASS" start="2024-09-27T09:11:10.830561" elapsed="0.001300"/>
</iter>
<iter>
<kw name="Log" owner="BuiltIn">
<msg time="2024-09-27T09:11:10.832973" level="INFO">2</msg>
<arg>${index}</arg>
<doc>Logs the given message with the given level.</doc>
<status status="PASS" start="2024-09-27T09:11:10.831861" elapsed="0.001232"/>
</kw>
<var name="${index}">2</var>
<status status="PASS" start="2024-09-27T09:11:10.831861" elapsed="0.001232"/>
</iter>
<iter>
<kw name="Log" owner="BuiltIn">
<msg time="2024-09-27T09:11:10.833093" level="INFO">4</msg>
<arg>${index}</arg>
<doc>Logs the given message with the given level.</doc>
<status status="PASS" start="2024-09-27T09:11:10.833093" elapsed="0.001005"/>
</kw>
<var name="${index}">4</var>
<status status="PASS" start="2024-09-27T09:11:10.833093" elapsed="0.001112"/>
</iter>
<iter>
<kw name="Log" owner="BuiltIn">
<msg time="2024-09-27T09:11:10.835560" level="INFO">6</msg>
<arg>${index}</arg>
<doc>Logs the given message with the given level.</doc>
<status status="PASS" start="2024-09-27T09:11:10.834325" elapsed="0.001235"/>
</kw>
<var name="${index}">6</var>
<status status="PASS" start="2024-09-27T09:11:10.834325" elapsed="0.001235"/>
</iter>
<iter>
<kw name="Log" owner="BuiltIn">
<msg time="2024-09-27T09:11:10.836555" level="INFO">8</msg>
<arg>${index}</arg>
<doc>Logs the given message with the given level.</doc>
<status status="PASS" start="2024-09-27T09:11:10.835560" elapsed="0.000995"/>
</kw>
<var name="${index}">8</var>
<status status="PASS" start="2024-09-27T09:11:10.835560" elapsed="0.000995"/>
</iter>
<var>${index}</var>
<value>0</value>
<value>10</value>
<value>2</value>
<status status="PASS" start="2024-09-27T09:11:10.830561" elapsed="0.005994"/>
</for>
<status status="PASS" start="2024-09-27T09:11:10.828275" elapsed="0.009520"/>
</test>
<test id="s1-t6" name="Nest loops" line="47">
<kw name="Create List" owner="BuiltIn">
<msg time="2024-09-27T09:11:10.840947" level="INFO">@{alphabets} = [ a | b | c ]</msg>
<var>@{alphabets}</var>
<arg>a</arg>
<arg>b</arg>
<arg>c</arg>
<doc>Returns a list containing given items.</doc>
<status status="PASS" start="2024-09-27T09:11:10.839952" elapsed="0.000995"/>
</kw>
<kw name="Log" owner="BuiltIn">
<msg time="2024-09-27T09:11:10.840947" level="INFO">['a', 'b', 'c']</msg>
<arg>${alphabets}</arg>
<doc>Logs the given message with the given level.</doc>
<status status="PASS" start="2024-09-27T09:11:10.840947" elapsed="0.000000"/>
</kw>
<kw name="Create List" owner="BuiltIn">
<msg time="2024-09-27T09:11:10.843138" level="INFO">@{numbers} = [ 1 | 2 | 3 ]</msg>
<var>@{numbers}</var>
<arg>${1}</arg>
<arg>${2}</arg>
<arg>${3}</arg>
<doc>Returns a list containing given items.</doc>
<status status="PASS" start="2024-09-27T09:11:10.842139" elapsed="0.000999"/>
</kw>
<kw name="Log" owner="BuiltIn">
<msg time="2024-09-27T09:11:10.844138" level="INFO">[1, 2, 3]</msg>
<arg>${numbers}</arg>
<doc>Logs the given message with the given level.</doc>
<status status="PASS" start="2024-09-27T09:11:10.843138" elapsed="0.001121"/>
</kw>
<for flavor="IN">
<iter>
<for flavor="IN">
<iter>
<kw name="Log" owner="BuiltIn">
<msg time="2024-09-27T09:11:10.845411" level="INFO">a1</msg>
<arg>${alphabet}${number}</arg>
<doc>Logs the given message with the given level.</doc>
<status status="PASS" start="2024-09-27T09:11:10.844259" elapsed="0.001152"/>
</kw>
<var name="${number}">1</var>
<status status="PASS" start="2024-09-27T09:11:10.844259" elapsed="0.001152"/>
</iter>
<iter>
<kw name="Log" owner="BuiltIn">
<msg time="2024-09-27T09:11:10.845411" level="INFO">a2</msg>
<arg>${alphabet}${number}</arg>
<doc>Logs the given message with the given level.</doc>
<status status="PASS" start="2024-09-27T09:11:10.845411" elapsed="0.000000"/>
</kw>
<var name="${number}">2</var>
<status status="PASS" start="2024-09-27T09:11:10.845411" elapsed="0.000999"/>
</iter>
<iter>
<kw name="Log" owner="BuiltIn">
<msg time="2024-09-27T09:11:10.846410" level="INFO">a3</msg>
<arg>${alphabet}${number}</arg>
<doc>Logs the given message with the given level.</doc>
<status status="PASS" start="2024-09-27T09:11:10.846410" elapsed="0.000000"/>
</kw>
<var name="${number}">3</var>
<status status="PASS" start="2024-09-27T09:11:10.846410" elapsed="0.000000"/>
</iter>
<var>${number}</var>
<value>@{numbers}</value>
<status status="PASS" start="2024-09-27T09:11:10.844259" elapsed="0.002151"/>
</for>
<var name="${alphabet}">a</var>
<status status="PASS" start="2024-09-27T09:11:10.844259" elapsed="0.002151"/>
</iter>
<iter>
<for flavor="IN">
<iter>
<kw name="Log" owner="BuiltIn">
<msg time="2024-09-27T09:11:10.847599" level="INFO">b1</msg>
<arg>${alphabet}${number}</arg>
<doc>Logs the given message with the given level.</doc>
<status status="PASS" start="2024-09-27T09:11:10.847599" elapsed="0.000000"/>
</kw>
<var name="${number}">1</var>
<status status="PASS" start="2024-09-27T09:11:10.847599" elapsed="0.000000"/>
</iter>
<iter>
<kw name="Log" owner="BuiltIn">
<msg time="2024-09-27T09:11:10.848740" level="INFO">b2</msg>
<arg>${alphabet}${number}</arg>
<doc>Logs the given message with the given level.</doc>
<status status="PASS" start="2024-09-27T09:11:10.847599" elapsed="0.001141"/>
</kw>
<var name="${number}">2</var>
<status status="PASS" start="2024-09-27T09:11:10.847599" elapsed="0.001141"/>
</iter>
<iter>
<kw name="Log" owner="BuiltIn">
<msg time="2024-09-27T09:11:10.848740" level="INFO">b3</msg>
<arg>${alphabet}${number}</arg>
<doc>Logs the given message with the given level.</doc>
<status status="PASS" start="2024-09-27T09:11:10.848740" elapsed="0.000000"/>
</kw>
<var name="${number}">3</var>
<status status="PASS" start="2024-09-27T09:11:10.848740" elapsed="0.000000"/>
</iter>
<var>${number}</var>
<value>@{numbers}</value>
<status status="PASS" start="2024-09-27T09:11:10.847599" elapsed="0.001141"/>
</for>
<var name="${alphabet}">b</var>
<status status="PASS" start="2024-09-27T09:11:10.847599" elapsed="0.001141"/>
</iter>
<iter>
<for flavor="IN">
<iter>
<kw name="Log" owner="BuiltIn">
<msg time="2024-09-27T09:11:10.849735" level="INFO">c1</msg>
<arg>${alphabet}${number}</arg>
<doc>Logs the given message with the given level.</doc>
<status status="PASS" start="2024-09-27T09:11:10.849735" elapsed="0.000000"/>
</kw>
<var name="${number}">1</var>
<status status="PASS" start="2024-09-27T09:11:10.849735" elapsed="0.000000"/>
</iter>
<iter>
<kw name="Log" owner="BuiltIn">
<msg time="2024-09-27T09:11:10.849735" level="INFO">c2</msg>
<arg>${alphabet}${number}</arg>
<doc>Logs the given message with the given level.</doc>
<status status="PASS" start="2024-09-27T09:11:10.849735" elapsed="0.000000"/>
</kw>
<var name="${number}">2</var>
<status status="PASS" start="2024-09-27T09:11:10.849735" elapsed="0.000000"/>
</iter>
<iter>
<kw name="Log" owner="BuiltIn">
<msg time="2024-09-27T09:11:10.850820" level="INFO">c3</msg>
<arg>${alphabet}${number}</arg>
<doc>Logs the given message with the given level.</doc>
<status status="PASS" start="2024-09-27T09:11:10.849735" elapsed="0.001085"/>
</kw>
<var name="${number}">3</var>
<status status="PASS" start="2024-09-27T09:11:10.849735" elapsed="0.001085"/>
</iter>
<var>${number}</var>
<value>@{numbers}</value>
<status status="PASS" start="2024-09-27T09:11:10.849735" elapsed="0.001085"/>
</for>
<var name="${alphabet}">c</var>
<status status="PASS" start="2024-09-27T09:11:10.848740" elapsed="0.002080"/>
</iter>
<var>${alphabet}</var>
<value>@{alphabets}</value>
<status status="PASS" start="2024-09-27T09:11:10.844259" elapsed="0.006561"/>
</for>
<status status="PASS" start="2024-09-27T09:11:10.839952" elapsed="0.010868"/>
</test>
<test id="s1-t7" name="Exit a loop on condition" line="59">
<for flavor="IN RANGE">
<iter>
<if>
<branch type="IF" condition="${i} == 2">
<break>
<status status="NOT RUN" start="2024-09-27T09:11:10.852968" elapsed="0.000000"/>
</break>
<status status="NOT RUN" start="2024-09-27T09:11:10.852968" elapsed="0.000000"/>
</branch>
<status status="PASS" start="2024-09-27T09:11:10.852913" elapsed="0.000055"/>
</if>
<kw name="Log" owner="BuiltIn">
<msg time="2024-09-27T09:11:10.852968" level="INFO">0</msg>
<arg>${i}</arg>
<doc>Logs the given message with the given level.</doc>
<status status="PASS" start="2024-09-27T09:11:10.852968" elapsed="0.000000"/>
</kw>
<var name="${i}">0</var>
<status status="PASS" start="2024-09-27T09:11:10.852818" elapsed="0.000150"/>
</iter>
<iter>
<if>
<branch type="IF" condition="${i} == 2">
<break>
<status status="NOT RUN" start="2024-09-27T09:11:10.852968" elapsed="0.001013"/>
</break>
<status status="NOT RUN" start="2024-09-27T09:11:10.852968" elapsed="0.001065"/>
</branch>
<status status="PASS" start="2024-09-27T09:11:10.852968" elapsed="0.001120"/>
</if>
<kw name="Log" owner="BuiltIn">
<msg time="2024-09-27T09:11:10.854088" level="INFO">1</msg>
<arg>${i}</arg>
<doc>Logs the given message with the given level.</doc>
<status status="PASS" start="2024-09-27T09:11:10.854088" elapsed="0.000000"/>
</kw>
<var name="${i}">1</var>
<status status="PASS" start="2024-09-27T09:11:10.852968" elapsed="0.001120"/>
</iter>
<iter>
<if>
<branch type="IF" condition="${i} == 2">
<break>
<status status="PASS" start="2024-09-27T09:11:10.854088" elapsed="0.000000"/>
</break>
<status status="PASS" start="2024-09-27T09:11:10.854088" elapsed="0.000000"/>
</branch>
<status status="PASS" start="2024-09-27T09:11:10.854088" elapsed="0.000000"/>
</if>
<kw name="Log" owner="BuiltIn">
<arg>${i}</arg>
<doc>Logs the given message with the given level.</doc>
<status status="NOT RUN" start="2024-09-27T09:11:10.854088" elapsed="0.000000"/>
</kw>
<var name="${i}">2</var>
<status status="PASS" start="2024-09-27T09:11:10.854088" elapsed="0.000000"/>
</iter>
<var>${i}</var>
<value>5</value>
<status status="PASS" start="2024-09-27T09:11:10.851817" elapsed="0.002271"/>
</for>
<status status="PASS" start="2024-09-27T09:11:10.851817" elapsed="0.003448"/>
</test>
<test id="s1-t8" name="Continue a loop from the next iteration on condition" line="65">
<for flavor="IN RANGE">
<iter>
<if>
<branch type="IF" condition="${i} == 1">
<continue>
<status status="NOT RUN" start="2024-09-27T09:11:10.856451" elapsed="0.000000"/>
</continue>
<status status="NOT RUN" start="2024-09-27T09:11:10.856451" elapsed="0.000000"/>
</branch>
<status status="PASS" start="2024-09-27T09:11:10.856451" elapsed="0.000000"/>
</if>
<kw name="Log" owner="BuiltIn">
<msg time="2024-09-27T09:11:10.856451" level="INFO">0</msg>
<arg>${i}</arg>
<doc>Logs the given message with the given level.</doc>
<status status="PASS" start="2024-09-27T09:11:10.856451" elapsed="0.000000"/>
</kw>
<var name="${i}">0</var>
<status status="PASS" start="2024-09-27T09:11:10.856451" elapsed="0.000000"/>
</iter>
<iter>
<if>
<branch type="IF" condition="${i} == 1">
<continue>
<status status="PASS" start="2024-09-27T09:11:10.857451" elapsed="0.000000"/>
</continue>
<status status="PASS" start="2024-09-27T09:11:10.856451" elapsed="0.001000"/>
</branch>
<status status="PASS" start="2024-09-27T09:11:10.856451" elapsed="0.001000"/>
</if>
<kw name="Log" owner="BuiltIn">
<arg>${i}</arg>
<doc>Logs the given message with the given level.</doc>
<status status="NOT RUN" start="2024-09-27T09:11:10.857451" elapsed="0.000000"/>
</kw>
<var name="${i}">1</var>
<status status="PASS" start="2024-09-27T09:11:10.856451" elapsed="0.001000"/>
</iter>
<iter>
<if>
<branch type="IF" condition="${i} == 1">
<continue>
<status status="NOT RUN" start="2024-09-27T09:11:10.857451" elapsed="0.000000"/>
</continue>
<status status="NOT RUN" start="2024-09-27T09:11:10.857451" elapsed="0.000000"/>
</branch>
<status status="PASS" start="2024-09-27T09:11:10.857451" elapsed="0.000000"/>
</if>
<kw name="Log" owner="BuiltIn">
<msg time="2024-09-27T09:11:10.858519" level="INFO">2</msg>
<arg>${i}</arg>
<doc>Logs the given message with the given level.</doc>
<status status="PASS" start="2024-09-27T09:11:10.858519" elapsed="0.000000"/>
</kw>
<var name="${i}">2</var>
<status status="PASS" start="2024-09-27T09:11:10.857451" elapsed="0.001068"/>
</iter>
<var>${i}</var>
<value>3</value>
<status status="PASS" start="2024-09-27T09:11:10.856451" elapsed="0.002068"/>
</for>
<status status="PASS" start="2024-09-27T09:11:10.855265" elapsed="0.003254"/>
</test>
<status status="FAIL" start="2024-09-27T09:11:10.740529" elapsed="0.119154"/>
</suite>
<statistics>
<total>
<stat pass="7" fail="1" skip="0">All Tests</stat>
</total>
<tag>
</tag>
<suite>
<stat pass="7" fail="1" skip="0" id="s1" name="Robot4 petle">Robot4 petle</stat>
</suite>
</statistics>
<errors>
</errors>
</robot>
